This is pdfTeXk, Version 3.141592-1.40.3 (Web2C 7.5.6) (format=pdflatex 2014.10.9)  23 APR 2017 17:28
entering extended mode
 %&-line parsing enabled.
**elm_pb
(./elm_pb.tex
LaTeX2e <2005/12/01>
Babel <v3.8h> and hyphenation patterns for english, usenglishmax, dumylang, noh
yphenation, arabic, basque, bulgarian, coptic, welsh, czech, slovak, german, ng
erman, danish, esperanto, spanish, catalan, galician, estonian, farsi, finnish,
 french, greek, monogreek, ancientgreek, croatian, hungarian, interlingua, ibyc
us, indonesian, icelandic, italian, latin, mongolian, dutch, norsk, polish, por
tuguese, pinyin, romanian, russian, slovenian, uppersorbian, serbian, swedish, 
turkish, ukenglish, ukrainian, loaded.
(/usr/share/texmf/tex/latex/base/article.cls
Document Class: article 2005/09/16 v1.4f Standard LaTeX document class
(/usr/share/texmf/tex/latex/base/size12.clo
File: size12.clo 2005/09/16 v1.4f Standard LaTeX file (size option)
)
\c@part=\count79
\c@section=\count80
\c@subsection=\count81
\c@subsubsection=\count82
\c@paragraph=\count83
\c@subparagraph=\count84
\c@figure=\count85
\c@table=\count86
\abovecaptionskip=\skip41
\belowcaptionskip=\skip42
\bibindent=\dimen102
)
(/usr/share/texmf/tex/latex/geometry/geometry.sty
Package: geometry 2002/07/08 v3.2 Page Geometry

(/usr/share/texmf/tex/latex/graphics/keyval.sty
Package: keyval 1999/03/16 v1.13 key=value parser (DPC)
\KV@toks@=\toks14
)
\Gm@cnth=\count87
\Gm@cntv=\count88
\c@Gm@tempcnt=\count89
\Gm@bindingoffset=\dimen103
\Gm@wd@mp=\dimen104
\Gm@odd@mp=\dimen105
\Gm@even@mp=\dimen106
\Gm@dimlist=\toks15
)
(/usr/share/texmf/tex/latex/graphics/graphicx.sty
Package: graphicx 1999/02/16 v1.0f Enhanced LaTeX Graphics (DPC,SPQR)

(/usr/share/texmf/tex/latex/graphics/graphics.sty
Package: graphics 2006/02/20 v1.0o Standard LaTeX Graphics (DPC,SPQR)

(/usr/share/texmf/tex/latex/graphics/trig.sty
Package: trig 1999/03/16 v1.09 sin cos tan (DPC)
)
(/usr/share/texmf/tex/latex/config/graphics.cfg
File: graphics.cfg 2007/01/18 v1.5 graphics configuration of teTeX/TeXLive
)
Package graphics Info: Driver file: pdftex.def on input line 90.

(/usr/share/texmf/tex/latex/pdftex-def/pdftex.def
File: pdftex.def 2007/01/08 v0.04d Graphics/color for pdfTeX
\Gread@gobject=\count90
))
\Gin@req@height=\dimen107
\Gin@req@width=\dimen108
)
(/usr/share/texmf/tex/latex/fancyhdr/fancyhdr.sty
\fancy@headwidth=\skip43
\f@ncyO@elh=\skip44
\f@ncyO@erh=\skip45
\f@ncyO@olh=\skip46
\f@ncyO@orh=\skip47
\f@ncyO@elf=\skip48
\f@ncyO@erf=\skip49
\f@ncyO@olf=\skip50
\f@ncyO@orf=\skip51
)
(/usr/share/texmf/tex/latex/ltxmisc/cancel.sty
Package: cancel 2000/03/12 v2.1 Cancel math terms
)
(/usr/share/texmf/tex/latex/amsfonts/amssymb.sty
Package: amssymb 2002/01/22 v2.2d

(/usr/share/texmf/tex/latex/amsfonts/amsfonts.sty
Package: amsfonts 2001/10/25 v2.2f
\@emptytoks=\toks16
\symAMSa=\mathgroup4
\symAMSb=\mathgroup5
LaTeX Font Info:    Overwriting math alphabet `\mathfrak' in version `bold'
(Font)                  U/euf/m/n --> U/euf/b/n on input line 132.
))

Package Fancyhdr Warning: \fancyhead's `E' option without twoside option is use
less on input line 21.

\notewidth=\skip52
(./elm_pb.aux)
\openout1 = `elm_pb.aux'.

LaTeX Font Info:    Checking defaults for OML/cmm/m/it on input line 71.
LaTeX Font Info:    ... okay on input line 71.
LaTeX Font Info:    Checking defaults for T1/cmr/m/n on input line 71.
LaTeX Font Info:    ... okay on input line 71.
LaTeX Font Info:    Checking defaults for OT1/cmr/m/n on input line 71.
LaTeX Font Info:    ... okay on input line 71.
LaTeX Font Info:    Checking defaults for OMS/cmsy/m/n on input line 71.
LaTeX Font Info:    ... okay on input line 71.
LaTeX Font Info:    Checking defaults for OMX/cmex/m/n on input line 71.
LaTeX Font Info:    ... okay on input line 71.
LaTeX Font Info:    Checking defaults for U/cmr/m/n on input line 71.
LaTeX Font Info:    ... okay on input line 71.
-------------------- Geometry parameters
paper: a4paper
landscape: --
twocolumn: --
twoside: --
asymmetric: --
h-parts: 89.62709pt, 0.7\paperwidth , 89.6271pt (default)
v-parts: 101.40665pt, 0.7\paperheight , 152.11pt (default)
hmarginratio: 1:1
vmarginratio: 2:3
lines: --
heightrounded: --
bindingoffset: 0.0pt
truedimen: --
includehead: --
includefoot: --
includemp: --
driver: pdftex
-------------------- Page layout dimensions and switches
\paperwidth  597.50787pt
\paperheight 845.04684pt
\textwidth  454.38867pt
\textheight 609.59769pt
\oddsidemargin  -0.71039pt
\evensidemargin -0.71039pt
\topmargin  -7.86334pt
\headheight 12.0pt
\headsep    25.0pt
\footskip   0.0pt
\marginparwidth 35.0pt
\marginparsep   10.0pt
\columnsep  10.0pt
\skip\footins  10.8pt plus 4.0pt minus 2.0pt
\hoffset 0.0pt
\voffset 0.0pt
\mag 1000

(1in=72.27pt, 1cm=28.45pt)
-----------------------
LaTeX Font Info:    Try loading font information for U+msa on input line 76.
 (/usr/share/texmf/tex/latex/amsfonts/umsa.fd
File: umsa.fd 2002/01/19 v2.2g AMS font definitions
)
LaTeX Font Info:    Try loading font information for U+msb on input line 76.

(/usr/share/texmf/tex/latex/amsfonts/umsb.fd
File: umsb.fd 2002/01/19 v2.2g AMS font definitions
) (./elm_pb.toc)
\tf@toc=\write3
\openout3 = `elm_pb.toc'.



LaTeX Warning: Reference `sec:running' on page 1 undefined on input line 87.


LaTeX Warning: Reference `sec:analyse' on page 1 undefined on input line 87.

[1

{/var/lib/texmf/fonts/map/pdftex/updmap/pdftex.map}]

Package Fancyhdr Warning: \headheight is too small (12.0pt): 
 Make it at least 14.49998pt.
 We now make it that large for the rest of the document.
 This may cause the page layout to be inconsistent, however.

[2]
Overfull \hbox (2.56155pt too wide) in paragraph at lines 150--150
[]\OT1/cmtt/m/n/12 relax_j_vac = true    # Relax to zero-current in the vacuum 
(EXPERIMENTAL)[] 
 []

[3] [4]
Overfull \hbox (29.42075pt too wide) in alignment at lines 294--299
 [][][] []
 []

[5] [6] [7] [8] [9] [10] [11]
Overfull \hbox (16.74042pt too wide) in paragraph at lines 567--568
\OT1/cmr/m/n/12 Using cbm18dens8 grid we have $[] = 1\OML/cmm/m/it/12 :\OT1/cmr
/m/n/12 94129908[\OML/cmm/m/it/12 T\OT1/cmr/m/n/12 ]$ ($\OML/cmm/m/it/12 Bmag$ 
\OT1/cmr/m/n/12 from grid file), $[] = 3\OML/cmm/m/it/12 :\OT1/cmr/m/n/12 49717
236[\OML/cmm/m/it/12 m\OT1/cmr/m/n/12 ]$
 []


Overfull \hbox (58.72328pt too wide) detected at line 572
[][] \OT1/cmr/m/n/12 = [][]\OML/cmm/m/it/12 =^^V[]nm \OT1/cmr/m/n/12 = 1\OML/cm
m/m/it/12 :\OT1/cmr/m/n/12 94129908[]\OML/cmm/m/it/12 =\OT1/cmr/m/n/12 (4\OML/c
mm/m/it/12 ^^Y\OT1/cmr/m/n/12 1\OML/cmm/m/it/12 e[]\OT1/cmr/m/n/12 1\OML/cmm/m/
it/12 e[]\OT1/cmr/m/n/12 2\OML/cmm/m/it/12 :\OT1/cmr/m/n/12 0 \OMS/cmsy/m/n/12 
^^C \OT1/cmr/m/n/12 1\OML/cmm/m/it/12 :\OT1/cmr/m/n/12 6726\OML/cmm/m/it/12 e[]
\OT1/cmr/m/n/12 ) = 8\OML/cmm/m/it/12 :\OT1/cmr/m/n/12 96505469\OML/cmm/m/it/12
 e[] \OMS/cmsy/m/n/12 ) [] \OT1/cmr/m/n/12 = 9468397\OML/cmm/m/it/12 :\OT1/cmr/
m/n/12 [\OML/cmm/m/it/12 m=s\OT1/cmr/m/n/12 ]
 []


Overfull \hbox (4.61841pt too wide) detected at line 584
\OML/cmm/m/it/12 ![]=![] \OT1/cmr/m/n/12 = \OML/cmm/m/it/12 B[]=R[] \OMS/cmsy/m
/n/12 ^^D \OML/cmm/m/it/12 B[]=R[] \OT1/cmr/m/n/12 = [] \OMS/cmsy/m/n/12 ^^D []
 \OT1/cmr/m/n/12 = 1\OML/cmm/m/it/12 :\OT1/cmr/m/n/12 80146 \OMS/cmsy/m/n/12 ^^
D \OT1/cmr/m/n/12 1\OML/cmm/m/it/12 :\OT1/cmr/m/n/12 5 = 1\OML/cmm/m/it/12 :\OT
1/cmr/m/n/12 201\OML/cmm/m/it/12 :
 []

[12] [13] [14] [15] [16] [17] (./elm_pb.aux)

LaTeX Warning: There were undefined references.


LaTeX Warning: Label(s) may have changed. Rerun to get cross-references right.

 ) 
Here is how much of TeX's memory you used:
 1439 strings out of 256216
 17122 string characters out of 1917072
 80970 words of memory out of 1500000
 4734 multiletter control sequences out of 10000+200000
 14172 words of font info for 54 fonts, out of 1200000 for 2000
 645 hyphenation exceptions out of 8191
 28i,18n,43p,747b,353s stack positions out of 5000i,500n,6000p,200000b,15000s
</usr/share/texmf/fonts/type1/bluesky/cm/cmbx12.pfb></usr/share/texmf/fonts/t
ype1/bluesky/cm/cmex10.pfb></usr/share/texmf/fonts/type1/bluesky/cm/cmmi12.pfb>
</usr/share/texmf/fonts/type1/bluesky/cm/cmmi6.pfb></usr/share/texmf/fonts/type
1/bluesky/cm/cmmi8.pfb></usr/share/texmf/fonts/type1/bluesky/cm/cmr12.pfb></usr
/share/texmf/fonts/type1/bluesky/cm/cmr17.pfb></usr/share/texmf/fonts/type1/blu
esky/cm/cmr6.pfb></usr/share/texmf/fonts/type1/bluesky/cm/cmr8.pfb></usr/share/
texmf/fonts/type1/bluesky/cm/cmsl12.pfb></usr/share/texmf/fonts/type1/bluesky/c
m/cmsy10.pfb></usr/share/texmf/fonts/type1/bluesky/cm/cmsy6.pfb></usr/share/tex
mf/fonts/type1/bluesky/cm/cmsy8.pfb></usr/share/texmf/fonts/type1/bluesky/cm/cm
tt12.pfb></usr/share/texmf/fonts/type1/bluesky/latex-fonts/line10.pfb></usr/sha
re/texmf/fonts/type1/bluesky/ams/msam10.pfb>
Output written on elm_pb.pdf (17 pages, 161957 bytes).
PDF statistics:
 121 PDF objects out of 1000 (max. 8388607)
 0 named destinations out of 1000 (max. 131072)
 1 words of extra memory for PDF output out of 10000 (max. 10000000)

